[2017-07-29 23:47:44.869] [INFO] nuke - NukeWar Starting
[2017-07-29 23:48:12.442] [INFO] nuke - ***New Game Game1 *** players:
[2017-07-29 23:48:12.444] [INFO] nuke - -> faruk
[2017-07-29 23:51:54.046] [INFO] nuke - NukeWar Starting
[2017-07-29 23:52:35.069] [INFO] nuke - NukeWar Starting
[2017-07-29 23:53:00.265] [INFO] nuke - ***New Game Game1 *** players:
[2017-07-29 23:53:00.265] [INFO] nuke - -> faruk
[2017-07-29 23:53:30.729] [INFO] nuke - *** Game Ended : undefined ***
[2017-07-29 23:53:46.747] [INFO] nuke - NukeWar Starting
[2017-07-29 23:54:16.552] [INFO] nuke - ***New Game Game1 *** players:
[2017-07-29 23:54:16.553] [INFO] nuke - -> faruk can
[2017-07-29 23:54:23.995] [INFO] nuke - *** Game Ended : Game1 ***
[2017-07-29 23:57:07.638] [INFO] nuke - ***New Game Game2 *** players:
[2017-07-29 23:57:07.639] [INFO] nuke - -> faruk
[2017-07-30 00:02:48.111] [INFO] nuke - *** Game Ended : Game2 ***
[2017-07-30 00:14:04.386] [INFO] nuke - ***New Game Game3 *** players:
[2017-07-30 00:14:04.387] [INFO] nuke - -> faruk
[2017-07-30 00:19:34.599] [INFO] nuke - *** Game Ended : Game3 ***
[2017-07-30 00:23:45.035] [INFO] nuke - NukeWar Starting
[2017-07-30 00:29:10.013] [INFO] nuke - ***New Game Game1 *** players:
[2017-07-30 00:29:10.014] [INFO] nuke - -> faruk
[2017-07-30 00:30:02.123] [INFO] nuke - *** Game Ended : Game1 ***
[2017-07-30 00:30:49.920] [INFO] nuke - ***New Game Game2 *** players:
[2017-07-30 00:30:49.920] [INFO] nuke - -> faruk
[2017-07-30 00:34:17.926] [INFO] nuke - *** Game Ended : Game2 ***
[2017-07-30 00:35:34.768] [INFO] nuke - ***New Game Game3 *** players:
[2017-07-30 00:35:34.772] [INFO] nuke - -> faruk
[2017-07-30 00:36:59.305] [INFO] nuke - *** Game Ended : Game3 ***
[2017-07-30 00:37:16.108] [INFO] nuke - ***New Game Game4 *** players:
[2017-07-30 00:37:16.108] [INFO] nuke - -> faruk
[2017-07-30 00:41:44.053] [INFO] nuke - *** Game Ended : Game4 ***
[2017-07-30 01:00:21.624] [INFO] nuke - ***New Game Game5 *** players:
[2017-07-30 01:00:21.627] [INFO] nuke - -> faruk
[2017-07-30 01:01:12.723] [INFO] nuke - *** Game Ended : Game5 ***
[2017-07-30 01:04:32.884] [INFO] nuke - ***New Game Game6 *** players:
[2017-07-30 01:04:32.885] [INFO] nuke - -> faruk
[2017-07-30 01:18:59.314] [INFO] nuke - *** Game Ended : Game6 ***
[2017-07-30 01:22:49.435] [INFO] nuke - ***New Game Game7 *** players:
[2017-07-30 01:22:49.435] [INFO] nuke - -> faruk
[2017-07-30 01:34:04.784] [INFO] nuke - *** Game Ended : Game7 ***
[2017-07-30 01:37:12.447] [INFO] nuke - ***New Game Game8 *** players:
[2017-07-30 01:37:12.448] [INFO] nuke - -> faruk
[2017-07-30 01:43:15.444] [INFO] nuke - *** Game Ended : Game8 ***
[2017-07-30 01:44:05.479] [INFO] nuke - ***New Game Game9 *** players:
[2017-07-30 01:44:05.480] [INFO] nuke - -> faruk
[2017-07-30 01:52:23.319] [INFO] nuke - *** Game Ended : Game9 ***
[2017-07-30 01:54:14.385] [INFO] nuke - ***New Game Game10 *** players:
[2017-07-30 01:54:14.386] [INFO] nuke - -> faruk
[2017-07-30 01:54:52.432] [INFO] nuke - *** Game Ended : Game10 ***
[2017-07-30 02:09:23.787] [INFO] nuke - ***New Game Game11 *** players:
[2017-07-30 02:09:23.789] [INFO] nuke - -> faruk
[2017-07-30 02:10:17.897] [INFO] nuke - *** Game Ended : Game11 ***
[2017-07-30 02:10:48.920] [INFO] nuke - ***New Game Game12 *** players:
[2017-07-30 02:10:48.921] [INFO] nuke - -> faruk
[2017-07-30 02:15:48.730] [INFO] nuke - faruk : hello [Game12]
[2017-07-30 02:18:51.600] [INFO] nuke - *** Game Ended : Game12 ***
